<?xml version="1.0" encoding="UTF-8"?>
<!-- Generated by org.testng.reporters.JUnitReportReporter -->
<testsuite hostname="ranganatha-gonugunta-rmbp.local" name="main.java.Screenshot" tests="1" failures="0" timestamp="2 Jan 2014 23:26:32 GMT" time="9.863" errors="0">
  <testcase name="test1" time="9.863" classname="main.java.Screenshot"/>
</testsuite> <!-- main.java.Screenshot -->
