<?xml version="1.0" encoding="UTF-8"?>
<!-- Generated by org.testng.reporters.JUnitReportReporter -->
<testsuite hostname="ranganatha-gonugunta-rmbp.local" name="html5.InterviewTest" tests="1" failures="0" timestamp="27 May 2014 03:51:09 GMT" time="15.176" errors="0">
  <testcase name="test" time="15.176" classname="html5.InterviewTest"/>
</testsuite> <!-- html5.InterviewTest -->
